<?xml version="1.0" encoding="UTF-8"?>
<!-- Generated by org.testng.reporters.JUnitReportReporter -->
<testsuite hostname="Suryas-MacBook-Air.local" failures="0" tests="7" name="TestRunner.Runner" time="26.564" errors="0" timestamp="2026-05-30T14:59:03 IST" skipped="0">
  <testcase classname="TestRunner.Runner" name="runScenario" time="4.581"/>
  <testcase classname="TestRunner.Runner" name="runScenario" time="4.086"/>
  <testcase classname="TestRunner.Runner" name="runScenario" time="3.910"/>
  <testcase classname="TestRunner.Runner" name="runScenario" time="2.623"/>
  <testcase classname="TestRunner.Runner" name="runScenario" time="3.923"/>
  <testcase classname="TestRunner.Runner" name="runScenario" time="4.286"/>
  <testcase classname="TestRunner.Runner" name="runScenario" time="3.155"/>
</testsuite> <!-- TestRunner.Runner -->
