<?xml version="1.0" encoding="UTF-8"?>
<!-- Generated by org.testng.reporters.JUnitReportReporter -->
<testsuite hostname="Suryas-MacBook-Air.local" failures="0" tests="7" name="TestRunner.Runner" time="25.757" errors="0" timestamp="2026-06-01T13:29:26 IST" skipped="0">
  <testcase classname="TestRunner.Runner" name="runScenario" time="3.912"/>
  <testcase classname="TestRunner.Runner" name="runScenario" time="3.803"/>
  <testcase classname="TestRunner.Runner" name="runScenario" time="4.039"/>
  <testcase classname="TestRunner.Runner" name="runScenario" time="4.148"/>
  <testcase classname="TestRunner.Runner" name="runScenario" time="3.123"/>
  <testcase classname="TestRunner.Runner" name="runScenario" time="4.131"/>
  <testcase classname="TestRunner.Runner" name="runScenario" time="2.601"/>
</testsuite> <!-- TestRunner.Runner -->
