<?xml version="1.0" encoding="UTF-8"?>
<testsuite xmlns:xsi="http://www.w3.org/2001/XMLSchema-instance" xsi:noNamespaceSchemaLocation="https://maven.apache.org/surefire/maven-surefire-plugin/xsd/surefire-test-report.xsd" version="3.0.2" name="TestRunner.Runner" time="27.034" tests="7" errors="0" skipped="0" failures="0">
  <properties>
[...]
</properties>
  <testcase name="runScenario[&quot;Verify user can add product to cart&quot;, &quot;Add To Cart Functionality&quot;](1)" classname="TestRunner.Runner" time="4.586">
    <system-out><![CDATA[
@Smoke
Scenario: Verify user can add product to cart       # src/main/resources/Features1/AddCart.feature:4
  Given user open tutorials ninja home              # StepDefinition.AddCartSteps.user_open_tutorials_ninja_home()
  When user search product for cart                 # StepDefinition.AddCartSteps.user_search_product_for_cart()
  And user click add to cart button                 # StepDefinition.AddCartSteps.user_click_add_to_cart_button()
Product Added To Cart Successfully
  Then product should be added to cart successfully # StepDefinition.AddCartSteps.product_should_be_added_to_cart_successfully()
]]></system-out>
    <system-err><![CDATA[SLF4J(W): No SLF4J providers were found.
SLF4J(W): Defaulting to no-operation (NOP) logger implementation
SLF4J(W): See https://www.slf4j.org/codes.html#noProviders for further details.
May 30, 2026 2:58:38 PM org.openqa.selenium.devtools.CdpVersionFinder findNearestMatch
WARNING: Unable to find CDP implementation matching 148
May 30, 2026 2:58:38 PM org.openqa.selenium.chromium.ChromiumDriver lambda$new$4
WARNING: Unable to find version of CDP to use for 148.0.7778.179. You may need to include a dependency on a specific version of the CDP using something similar to `org.seleniumhq.selenium:selenium-devtools-v86:4.33.0` where the version ("v86") matches the version of the chromium-based browser you're using and the version number of the artifact is the same as Selenium's.
]]></system-err>
  </testcase>
  <testcase name="runScenario[&quot;Verify login with valid credentials&quot;, &quot;Login Functionality&quot;](2)" classname="TestRunner.Runner" time="3.918">
    <system-out><![CDATA[
@Smoke
Scenario: Verify login with valid credentials # src/main/resources/Features1/Login.feature:5
  Given user open tutorials ninja website     # StepDefinition.LoginSteps.user_open_tutorials_ninja_website()
  When user click on my account               # StepDefinition.LoginSteps.user_click_on_my_account()
  And user click on login                     # StepDefinition.LoginSteps.user_click_on_login()
  And user enter email and password           # StepDefinition.LoginSteps.user_enter_email_and_password()
  Then user click login button                # StepDefinition.LoginSteps.user_click_login_button()
Assertion Passed
Login Successful
  And user navigate to account page           # StepDefinition.LoginSteps.user_navigate_to_account_page()
]]></system-out>
    <system-err><![CDATA[May 30, 2026 2:58:42 PM org.openqa.selenium.devtools.CdpVersionFinder findNearestMatch
WARNING: Unable to find CDP implementation matching 148
May 30, 2026 2:58:42 PM org.openqa.selenium.chromium.ChromiumDriver lambda$new$4
WARNING: Unable to find version of CDP to use for 148.0.7778.179. You may need to include a dependency on a specific version of the CDP using something similar to `org.seleniumhq.selenium:selenium-devtools-v86:4.33.0` where the version ("v86") matches the version of the chromium-based browser you're using and the version number of the artifact is the same as Selenium's.
]]></system-err>
  </testcase>
  <testcase name="runScenario[&quot;Verify user logout successfully&quot;, &quot;Logout Functionality&quot;](3)" classname="TestRunner.Runner" time="4.287">
    <system-out><![CDATA[
Scenario: Verify user logout successfully           # src/main/resources/Features1/Logout.feature:3
  Given user login into tutorials ninja application # StepDefinition.Logout.user_login_into_tutorials_ninja_application()
  When user click my account dropdown               # StepDefinition.Logout.user_click_my_account_dropdown()
  And user click logout option                      # StepDefinition.Logout.user_click_logout_option()
Logout Successful
  Then user should logout successfully              # StepDefinition.Logout.user_should_logout_successfully()
]]></system-out>
    <system-err><![CDATA[May 30, 2026 2:58:46 PM org.openqa.selenium.devtools.CdpVersionFinder findNearestMatch
WARNING: Unable to find CDP implementation matching 148
May 30, 2026 2:58:46 PM org.openqa.selenium.chromium.ChromiumDriver lambda$new$4
WARNING: Unable to find version of CDP to use for 148.0.7778.179. You may need to include a dependency on a specific version of the CDP using something similar to `org.seleniumhq.selenium:selenium-devtools-v86:4.33.0` where the version ("v86") matches the version of the chromium-based browser you're using and the version number of the artifact is the same as Selenium's.
]]></system-err>
  </testcase>
  <testcase name="runScenario[&quot;Verify user can remove item from cart&quot;, &quot;Remove Cart Item&quot;](4)" classname="TestRunner.Runner" time="3.156">
    <system-out><![CDATA[
@Smoke
Scenario: Verify user can remove item from cart # src/main/resources/Features1/Productremove.feature:5
  Given user add product into cart              # StepDefinition.ProductRemove.user_add_product_into_cart()
  When user open shopping cart                  # StepDefinition.ProductRemove.user_open_shopping_cart()
  And user remove cart item                     # StepDefinition.ProductRemove.user_remove_cart_item()
Cart Item Removed Successfully
  Then cart item should be removed              # StepDefinition.ProductRemove.cart_item_should_be_removed()
]]></system-out>
    <system-err><![CDATA[May 30, 2026 2:58:50 PM org.openqa.selenium.devtools.CdpVersionFinder findNearestMatch
WARNING: Unable to find CDP implementation matching 148
May 30, 2026 2:58:50 PM org.openqa.selenium.chromium.ChromiumDriver lambda$new$4
WARNING: Unable to find version of CDP to use for 148.0.7778.179. You may need to include a dependency on a specific version of the CDP using something similar to `org.seleniumhq.selenium:selenium-devtools-v86:4.33.0` where the version ("v86") matches the version of the chromium-based browser you're using and the version number of the artifact is the same as Selenium's.
]]></system-err>
  </testcase>
  <testcase name="runScenario[&quot;Verify user registration&quot;, &quot;Registration Functionality&quot;](5)" classname="TestRunner.Runner" time="3.91">
    <system-out><![CDATA[
Scenario Outline: Verify user registration                         # src/main/resources/Features1/Reg.feature:24
  Given user open registration page                                # StepDefinition.Reg.user_open_registration_page()
  When user enter firstname Surya                                  # StepDefinition.Reg.user_enter_firstname(java.lang.String)
  And user enter lastname Prakash                                  # StepDefinition.Reg.user_enter_lastname(java.lang.String)
  And user enter register email surya5243443sd4ec355gh51@gmail.com # StepDefinition.Reg.user_enter_email(java.lang.String)
  And user enter telephone 9876543210                              # StepDefinition.Reg.user_enter_telephone(java.lang.String)
  And user enter password Surya123                                 # StepDefinition.Reg.user_enter_password(java.lang.String)
  Then user click continue button                                  # StepDefinition.Reg.user_click_continue_button()
$ Currency 
123456789 My Account
Wish List (0) Shopping Cart Checkout
Qafox.com
0 item(s) - $0.00
Desktops
Laptops & Notebooks
Components
Tablets
Software
Phones & PDAs
Cameras
MP3 Players
Account Success
Your Account Has Been Created!
Congratulations! Your new account has been successfully created!
You can now take advantage of member privileges to enhance your online shopping experience with us.
If you have ANY questions about the operation of this online shop, please e-mail the store owner.
A confirmation has been sent to the provided e-mail address. If you have not received it within the hour, please contact us.
Continue
My Account
Edit Account
Password
Address Book
Wish List
Order History
Downloads
Recurring payments
Reward Points
Returns
Transactions
Newsletter
Logout
Information
About Us
Delivery Information
Privacy Policy
Terms & Conditions
Customer Service
Contact Us
Returns
Site Map
Extras
Brands
Gift Certificates
Affiliate
Specials
My Account
My Account
Order History
Wish List
Newsletter
Powered By OpenCart
Qafox.com © 2026
Registration Successful
  And account should be created successfully                       # StepDefinition.Reg.account_should_be_created_successfully()
]]></system-out>
    <system-err><![CDATA[May 30, 2026 2:58:53 PM org.openqa.selenium.devtools.CdpVersionFinder findNearestMatch
WARNING: Unable to find CDP implementation matching 148
May 30, 2026 2:58:53 PM org.openqa.selenium.chromium.ChromiumDriver lambda$new$4
WARNING: Unable to find version of CDP to use for 148.0.7778.179. You may need to include a dependency on a specific version of the CDP using something similar to `org.seleniumhq.selenium:selenium-devtools-v86:4.33.0` where the version ("v86") matches the version of the chromium-based browser you're using and the version number of the artifact is the same as Selenium's.
]]></system-err>
  </testcase>
  <testcase name="runScenario[&quot;Verify user registration&quot;, &quot;Registration Functionality&quot;](6)" classname="TestRunner.Runner" time="4.086">
    <system-out><![CDATA[
Scenario Outline: Verify user registration                       # src/main/resources/Features1/Reg.feature:25
  Given user open registration page                              # StepDefinition.Reg.user_open_registration_page()
  When user enter firstname Arun                                 # StepDefinition.Reg.user_enter_firstname(java.lang.String)
  And user enter lastname Kumar                                  # StepDefinition.Reg.user_enter_lastname(java.lang.String)
  And user enter register email arun5sdsg4g42dr4c5r552@gmail.com # StepDefinition.Reg.user_enter_email(java.lang.String)
  And user enter telephone 9876543211                            # StepDefinition.Reg.user_enter_telephone(java.lang.String)
  And user enter password Arun123                                # StepDefinition.Reg.user_enter_password(java.lang.String)
  Then user click continue button                                # StepDefinition.Reg.user_click_continue_button()
$ Currency 
123456789 My Account
Wish List (0) Shopping Cart Checkout
Qafox.com
0 item(s) - $0.00
Desktops
Laptops & Notebooks
Components
Tablets
Software
Phones & PDAs
Cameras
MP3 Players
Account Success
Your Account Has Been Created!
Congratulations! Your new account has been successfully created!
You can now take advantage of member privileges to enhance your online shopping experience with us.
If you have ANY questions about the operation of this online shop, please e-mail the store owner.
A confirmation has been sent to the provided e-mail address. If you have not received it within the hour, please contact us.
Continue
My Account
Edit Account
Password
Address Book
Wish List
Order History
Downloads
Recurring payments
Reward Points
Returns
Transactions
Newsletter
Logout
Information
About Us
Delivery Information
Privacy Policy
Terms & Conditions
Customer Service
Contact Us
Returns
Site Map
Extras
Brands
Gift Certificates
Affiliate
Specials
My Account
My Account
Order History
Wish List
Newsletter
Powered By OpenCart
Qafox.com © 2026
Registration Successful
  And account should be created successfully                     # StepDefinition.Reg.account_should_be_created_successfully()
]]></system-out>
    <system-err><![CDATA[May 30, 2026 2:58:57 PM org.openqa.selenium.devtools.CdpVersionFinder findNearestMatch
WARNING: Unable to find CDP implementation matching 148
May 30, 2026 2:58:57 PM org.openqa.selenium.chromium.ChromiumDriver lambda$new$4
WARNING: Unable to find version of CDP to use for 148.0.7778.179. You may need to include a dependency on a specific version of the CDP using something similar to `org.seleniumhq.selenium:selenium-devtools-v86:4.33.0` where the version ("v86") matches the version of the chromium-based browser you're using and the version number of the artifact is the same as Selenium's.
]]></system-err>
  </testcase>
  <testcase name="runScenario[&quot;Verify product search&quot;, &quot;Search Product&quot;](7)" classname="TestRunner.Runner" time="2.623">
    <system-out><![CDATA[
Scenario: Verify product search         # src/main/resources/Features1/Search.feature:3
  Given user open home page             # StepDefinition.SearchSteps.user_open_home_page()
  When user enter product in search box # StepDefinition.SearchSteps.user_enter_product_in_search_box()
  And user click search button          # StepDefinition.SearchSteps.user_click_search_button()
Product Found
  Then searched product should display  # StepDefinition.SearchSteps.searched_product_should_display()
]]></system-out>
    <system-err><![CDATA[May 30, 2026 2:59:01 PM org.openqa.selenium.devtools.CdpVersionFinder findNearestMatch
WARNING: Unable to find CDP implementation matching 148
May 30, 2026 2:59:01 PM org.openqa.selenium.chromium.ChromiumDriver lambda$new$4
WARNING: Unable to find version of CDP to use for 148.0.7778.179. You may need to include a dependency on a specific version of the CDP using something similar to `org.seleniumhq.selenium:selenium-devtools-v86:4.33.0` where the version ("v86") matches the version of the chromium-based browser you're using and the version number of the artifact is the same as Selenium's.
]]></system-err>
  </testcase>
</testsuite>